							************************
									 s50.out
							************************

Filename is s50.out.

This file contains primary output for SIENA project <<s50>>.

Date and time: 24/04/2019 4:00:42 PM 

RSiena version 1.2-3 (08 09 2017)


@1
Data input.
===========

3 observations,
50 actors,
1 dependent network variables,
0 dependent bipartite variables,
0 dependent behavior variables,
1 constant actor covariates,
1 exogenous changing actor covariates,
0 constant dyadic covariates,
0 exogenous changing dyadic covariates,
0 no files with times of composition change.


@2
Reading network variables.
--------------------------

Name of network variable: friendship.
oneMode network.
For observation moment 1, degree distributions are as follows:
Nodes
 1  2  3  4  5  6  7  8  9 10 11 12 13 14 15 16 17 18 19 20 
21 22 23 24 25 26 27 28 29 30 31 32 33 34 35 36 37 38 39 40 
41 42 43 44 45 46 47 48 49 50
out-degrees
 2  2  2  2  1  1  3  1  2  3  3  3  0  3  3  2  5  2  4  0 
 1  4  1  5  3  3  3  1  3  4  3  4  2  2  1  2  3  2  1  3 
 2  2  2  2  3  3  0  2  2  0
in-degrees
 1  2  2  2  1  1  5  1  2  3  8  0  0  1  3  2  2  2  3  0 
 5  5  1  3  1  3  1  1  3  4  5  4  3  2  1  2  2  2  1  2 
 2  3  1  4  2  4  2  1  2  0

No missing data for observation 1.

For observation moment 2, degree distributions are as follows:
Nodes
 1  2  3  4  5  6  7  8  9 10 11 12 13 14 15 16 17 18 19 20 
21 22 23 24 25 26 27 28 29 30 31 32 33 34 35 36 37 38 39 40 
41 42 43 44 45 46 47 48 49 50
out-degrees
 3  1  2  1  2  1  0  1  1  4  5  4  0  3  1  3  5  1  3  0 
 3  1  1  3  4  3  2  2  3  3  2  2  3  3  2  4  5  1  2  3 
 3  2  1  2  3  4  3  2  2  1
in-degrees
 3  0  2  4  1  2  2  1  1  4  2  0  0  2  4  2  4  0  5  0 
 1  2  1  3  0  5  2  4  2  6  3  4  3  2  2  3  2  1  2  4 
 4  4  2  1  3  5  3  1  2  0

No missing data for observation 2.

For observation moment 3, degree distributions are as follows:
Nodes
 1  2  3  4  5  6  7  8  9 10 11 12 13 14 15 16 17 18 19 20 
21 22 23 24 25 26 27 28 29 30 31 32 33 34 35 36 37 38 39 40 
41 42 43 44 45 46 47 48 49 50
out-degrees
 4  3  1  1  2  3  4  1  1  5  5  2  0  4  4  3  3  0  2  0 
 4  0  1  3  2  2  2  1  4  4  2  2  5  2  1  5  4  2  1  4 
 1  2  1  4  4  4  2  2  3  0
in-degrees
 3  1  2  3  2  1  4  1  0  4  4  2  0  3  5  3  1  0  3  0 
 2  1  1  2  1  4  4  3  3  4  2  2  7  0  1  4  2  2  2  5 
 3  3  1  3  2  5  4  3  2  2

No missing data for observation 3.




@2
Reading constant actor covariates.
----------------------------------

1 variable, named:
smoke1          

A total of 1 non-changing individual covariate.

Number of missing cases:
smoke1          0 	( 0.0 %)

Information about covariates:
               minimum  maximum	  mean  centered 
smoke1          1.0     3.0      1.380    Y 
The mean value is subtracted from the centered covariate.


@2
Reading exogenous changing actor covariates.
--------------------------------------------

1 variable, named:
alcohol         

A total of 1 exogenous changing actor covariate.

Number of missing cases per period:
 period                    1       2     overall
alcohol                    0       0        0 	   ( 0.0 %)

Information about changing covariates:

               minimum  maximum	  mean  centered 
alcohol                                    Y 
	period   1     1.0     5.0      2.880 
	period   2     1.0     5.0      3.100 
Overall                            2.990 

The mean value is subtracted from the centered covariate.



The mean structural dissimilarity value subtracted in the
balance calculations is         0.0889.

For the similarity variable calculated from each actor covariate,
the mean is subtracted.
These means are:
Similarity smoke1                   :       0.6910 
Similarity alcohol                  :       0.6744 



@1
Initial data description.
=========================


@2
Change in networks:
-------------------

For the following statistics, missing values (if any) are not counted.

Network density indicators:
observation time              1      2      3
density                    0.046  0.047  0.050
average degree             2.260  2.320  2.440
number of ties               113    116    122
missing fraction           0.000  0.000  0.000

The average degree is 2.34 


Tie changes between subsequent observations:
 periods        0 =>  0   0 =>  1   1 =>  0   1 =>  1   Distance Jaccard   Missing
  1 ==>   2      2278        59        56        57       115     0.331         0 (0%)
  2 ==>   3      2278        56        50        66       106     0.384         0 (0%)

Directed dyad Counts:
 observation    total    mutual    asymm.     null
     1.          2450       78        70      2302
     2.          2450       70        92      2288
     3.          2450       90        64      2296

Standard values for initial parameter values
-------------------------------------------------

constant friendship rate (period 1)     4.6960 
constant friendship rate (period 2)     4.3288 
outdegree (density)                               -1.4677 

Initialisation of project <<s50>> executed succesfully.


-----------------------------------
New Analysis started.
Date and time: 24/04/2019 16:07:08
New results follow.
-----------------------------------

RSiena version 1.2-3 (08 Sep 17)


@1
Estimation by stochastic approximation algorithm.
=================================================

Random initialization of random number stream.
Current random number seed is 996753.
Effects object used: myeff 
Model Type:
 
Estimation method: conditional moment estimation
Conditioning variable is the total number of observed changes ("distance") 
in the network variable.
Distances for simulations are
period   :   1   2
distance :  115 106.
Standard errors are estimated with the likelihood ratio method.
Dolby method (regression on scores) is used.
Initial value of gain parameter is  0.2000000.
Reduction factor for gain parameter is  0.5000000.
Number of subphases in Phase 2 is 4.

Initial parameter values are 
  0.1  Rate parameter                         4.6960
  0.2  Rate parameter                         4.3288
  1. eval:  outdegree (density)                            -1.4677
  2. eval:  reciprocity                                     0.0000
  3. eval:  transitive triplets                             0.0000
  4. eval:  3-cycles                                        0.0000
  5. eval:  smoke1 similarity                               0.0000
  6. eval:  alcohol alter                                   0.0000
  7. eval:  alcohol ego                                     0.0000
  8. eval:  alcohol similarity                              0.0000


Observed values of target statistics are
  1. Number of ties                                                     238.0000
  2. Number of reciprocated ties                                        160.0000
  3. Number of transitive triplets                                      225.0000
  4. 3-cycles                                                            72.0000
  5. Similarity on smoke1                                                23.0371
  6. Sum indegrees x alcohol                                             12.3800
  7. Sum outdegrees x alcohol                                            20.3800
  8. Similarity on alcohol                                               21.9957

 8 parameters, 8 statistics

Estimation of derivatives by the LR method (type 1).


@2
End of stochastic approximation algorithm, phase 3.
---------------------------------------------------

Total of 2339 iterations.
Parameter estimates based on 1339 iterations,
basic rate parameters as well as 
convergence diagnostics, covariance and derivative matrices based on 1000 iterations.

Information for convergence diagnosis.
Averages, standard deviations, and t-ratios for deviations from targets:
  1.   1.1320  21.8769   0.0517 
  2.   1.3280  20.1938   0.0658 
  3.   3.7620  65.0709   0.0578 
  4.   1.3480  21.1372   0.0638 
  5.  -0.2347   7.1342  -0.0329 
  6.   1.2353  22.3490   0.0553 
  7.   1.0773  22.3956   0.0481 
  8.  -0.0029   3.9292  -0.0007 

Good convergence is indicated by the t-ratios being close to zero.

Overall maximum convergence ratio =  0.1023 .



@2
Estimation Results.
-------------------

Regular end of estimation algorithm.
Total of 2339 iteration steps.


@3
Estimates and standard errors
                             
Rate parameters:
 0.1  Rate parameter period 1     6.6135  (   1.1213)
 0.2  Rate parameter period 2     5.2156  (   0.9138)

Other parameters:
 1. eval:  outdegree (density)                                    -2.7356  (   0.1282)
 2. eval:  reciprocity                                             2.4444  (   0.2228)
 3. eval:  transitive triplets                                     0.6652  (   0.1408)
 4. eval:  3-cycles                                               -0.0897  (   0.2922)
 5. eval:  smoke1 similarity                                       0.1921  (   0.2189)
 6. eval:  alcohol alter                                          -0.0151  (   0.0725)
 7. eval:  alcohol ego                                             0.0536  (   0.0786)
 8. eval:  alcohol similarity                                      0.7325  (   0.3095)


@3
Covariance matrices
                   
Covariance matrix of estimates (correlations below diagonal):
     0.016     -0.017     -0.007      0.006     -0.003      0.001     -0.001     -0.008
    -0.594      0.050      0.008     -0.026     -0.002     -0.002      0.002     -0.005
    -0.362      0.267      0.020     -0.035      0.000      0.000     -0.002     -0.003
     0.150     -0.394     -0.841      0.085     -0.001     -0.001      0.004      0.014
    -0.122     -0.032      0.001     -0.008      0.048      0.004      0.003     -0.007
     0.085     -0.114      0.018     -0.044      0.278      0.005     -0.002      0.000
    -0.114      0.112     -0.211      0.156      0.172     -0.369      0.006      0.000
    -0.192     -0.075     -0.077      0.152     -0.107     -0.022      0.020      0.096

Derivative matrix of expected statistics X by parameters and
covariance/correlation matrix of X can be found using
summary(ans) within R, or by using the 'verbose' option in Siena07.
 
Total computation time 56.23 seconds.


-----------------------------------
New Analysis started.
Date and time: 24/04/2019 16:10:02
New results follow.
-----------------------------------

RSiena version 1.2-3 (08 Sep 17)


@1
Estimation by stochastic approximation algorithm.
=================================================

Random initialization of random number stream.
Current random number seed is 662286.
Effects object used: myeff 
Model Type:
 
Estimation method: conditional moment estimation
Conditioning variable is the total number of observed changes ("distance") 
in the network variable.
Distances for simulations are
period   :   1   2
distance :  115 106.
Standard errors are estimated with the likelihood ratio method.
Dolby method (regression on scores) is used.
Initial value of gain parameter is  0.2000000.
Reduction factor for gain parameter is  0.5000000.
Number of subphases in Phase 2 is 4.

Initial parameter values are 
  0.1  Rate parameter                         6.6135
  0.2  Rate parameter                         5.2156
  1. eval:  outdegree (density)                            -2.7356
  2. eval:  reciprocity                                     2.4444
  3. eval:  transitive triplets                             0.6652
  4. eval:  3-cycles                                       -0.0897
  5. eval:  smoke1 similarity                               0.1921
  6. eval:  alcohol alter                                  -0.0151
  7. eval:  alcohol ego                                     0.0536
  8. eval:  alcohol similarity                              0.7325


Observed values of target statistics are
  1. Number of ties                                                     238.0000
  2. Number of reciprocated ties                                        160.0000
  3. Number of transitive triplets                                      225.0000
  4. 3-cycles                                                            72.0000
  5. Similarity on smoke1                                                23.0371
  6. Sum indegrees x alcohol                                             12.3800
  7. Sum outdegrees x alcohol                                            20.3800
  8. Similarity on alcohol                                               21.9957

 8 parameters, 8 statistics

Estimation of derivatives by the LR method (type 1).


@2
End of stochastic approximation algorithm, phase 3.
---------------------------------------------------

Total of 2409 iterations.
Parameter estimates based on 1409 iterations,
basic rate parameters as well as 
convergence diagnostics, covariance and derivative matrices based on 1000 iterations.

Information for convergence diagnosis.
Averages, standard deviations, and t-ratios for deviations from targets:
  1.   1.0880  22.9324   0.0474 
  2.   0.9340  21.1089   0.0442 
  3.   2.0210  67.0453   0.0301 
  4.   0.9420  21.9129   0.0430 
  5.  -0.6263   6.9190  -0.0905 
  6.   2.0599  21.8032   0.0945 
  7.   2.4339  21.8550   0.1114 
  8.   0.1883   3.9094   0.0482 

Good convergence is indicated by the t-ratios being close to zero.

Overall maximum convergence ratio =  0.1932 .



@2
Estimation Results.
-------------------

Regular end of estimation algorithm.
Total of 2409 iteration steps.


@3
Estimates and standard errors
                             
Rate parameters:
 0.1  Rate parameter period 1     6.5548  (   1.1359)
 0.2  Rate parameter period 2     5.2096  (   0.8772)

Other parameters:
 1. eval:  outdegree (density)                                    -2.7278  (   0.1180)
 2. eval:  reciprocity                                             2.4291  (   0.2034)
 3. eval:  transitive triplets                                     0.6438  (   0.1589)
 4. eval:  3-cycles                                               -0.0483  (   0.3131)
 5. eval:  smoke1 similarity                                       0.1910  (   0.2030)
 6. eval:  alcohol alter                                          -0.0137  (   0.0697)
 7. eval:  alcohol ego                                             0.0572  (   0.0797)
 8. eval:  alcohol similarity                                      0.7448  (   0.2970)


@3
Covariance matrices
                   
Covariance matrix of estimates (correlations below diagonal):
     0.014     -0.013     -0.007      0.007     -0.002      0.001      0.000     -0.006
    -0.558      0.041      0.008     -0.023     -0.001     -0.001     -0.001      0.000
    -0.376      0.244      0.025     -0.044      0.001     -0.001     -0.002     -0.001
     0.186     -0.360     -0.887      0.098     -0.003      0.001      0.004      0.003
    -0.100     -0.024      0.034     -0.051      0.041      0.004      0.004     -0.008
     0.102     -0.040     -0.119      0.029      0.275      0.005     -0.002     -0.001
    -0.031     -0.052     -0.119      0.158      0.249     -0.272      0.006     -0.001
    -0.172      0.001     -0.022      0.031     -0.129     -0.038     -0.050      0.088

Derivative matrix of expected statistics X by parameters and
covariance/correlation matrix of X can be found using
summary(ans) within R, or by using the 'verbose' option in Siena07.
 
Total computation time 61.83 seconds.


-----------------------------------
New Analysis started.
Date and time: 24/04/2019 16:13:06
New results follow.
-----------------------------------

RSiena version 1.2-3 (08 Sep 17)


@1
Estimation by stochastic approximation algorithm.
=================================================

Random initialization of random number stream.
Current random number seed is 550811.
Effects object used: myeff 
Model Type:
 
Estimation method: conditional moment estimation
Conditioning variable is the total number of observed changes ("distance") 
in the network variable.
Distances for simulations are
period   :   1   2
distance :  115 106.
Standard errors are estimated with the likelihood ratio method.
Dolby method (regression on scores) is used.
Initial value of gain parameter is  0.2000000.
Reduction factor for gain parameter is  0.5000000.
Number of subphases in Phase 2 is 4.

Initial parameter values are 
  0.1  Rate parameter                         6.5548
  0.2  Rate parameter                         5.2096
  1. eval:  outdegree (density)                            -2.7278
  2. eval:  reciprocity                                     2.4291
  3. eval:  transitive triplets                             0.6438
  4. eval:  transitive recipr. triplets                     0.0000
  5. eval:  3-cycles                                       -0.0483
  6. eval:  smoke1 similarity                               0.1910
  7. eval:  alcohol alter                                  -0.0137
  8. eval:  alcohol ego                                     0.0572
  9. eval:  alcohol similarity                              0.7448


Observed values of target statistics are
  1. Number of ties                                                     238.0000
  2. Number of reciprocated ties                                        160.0000
  3. Number of transitive triplets                                      225.0000
  4. Number of transitive recipr. triplets                              175.0000
  5. 3-cycles                                                            72.0000
  6. Similarity on smoke1                                                23.0371
  7. Sum indegrees x alcohol                                             12.3800
  8. Sum outdegrees x alcohol                                            20.3800
  9. Similarity on alcohol                                               21.9957

 9 parameters, 9 statistics

Estimation of derivatives by the LR method (type 1).


@2
End of stochastic approximation algorithm, phase 3.
---------------------------------------------------

Total of 2877 iterations.
Parameter estimates based on 1877 iterations,
basic rate parameters as well as 
convergence diagnostics, covariance and derivative matrices based on 1000 iterations.

Information for convergence diagnosis.
Averages, standard deviations, and t-ratios for deviations from targets:
  1.  -0.0980  23.6314  -0.0041 
  2.   0.3060  19.8422   0.0154 
  3.   0.8330  75.5800   0.0110 
  4.   1.4310  61.6439   0.0232 
  5.   0.0940  24.1300   0.0039 
  6.   0.1132   6.9554   0.0163 
  7.   0.9210  22.4468   0.0410 
  8.  -0.4000  21.0772  -0.0190 
  9.   0.0618   4.0247   0.0154 

Good convergence is indicated by the t-ratios being close to zero.

Overall maximum convergence ratio =  0.1884 .



@2
Estimation Results.
-------------------

Regular end of estimation algorithm.
Total of 2877 iteration steps.


@3
Estimates and standard errors
                             
Rate parameters:
 0.1  Rate parameter period 1     6.2793  (   1.0434)
 0.2  Rate parameter period 2     5.0663  (   0.8512)

Other parameters:
 1. eval:  outdegree (density)                                    -2.9276  (   0.1554)
 2. eval:  reciprocity                                             2.8667  (   0.2598)
 3. eval:  transitive triplets                                     0.8987  (   0.1520)
 4. eval:  transitive recipr. triplets                            -0.8795  (   0.2727)
 5. eval:  3-cycles                                                0.4939  (   0.2811)
 6. eval:  smoke1 similarity                                       0.1685  (   0.2098)
 7. eval:  alcohol alter                                          -0.0182  (   0.0713)
 8. eval:  alcohol ego                                             0.0378  (   0.0766)
 9. eval:  alcohol similarity                                      0.7260  (   0.3063)


@3
Covariance matrices
                   
Covariance matrix of estimates (correlations below diagonal):
     0.024     -0.029     -0.015      0.025     -0.013     -0.001      0.001      0.001     -0.005
    -0.716      0.067      0.020     -0.047      0.017     -0.001     -0.001     -0.002     -0.007
    -0.634      0.511      0.023     -0.028     -0.003     -0.003     -0.001     -0.002      0.001
     0.589     -0.669     -0.675      0.074     -0.043      0.004      0.001      0.004      0.003
    -0.293      0.231     -0.081     -0.563      0.079     -0.001      0.000     -0.001     -0.004
    -0.035     -0.011     -0.104      0.067     -0.012      0.044      0.003      0.005     -0.007
     0.062     -0.059     -0.067      0.035      0.019      0.179      0.005     -0.002     -0.002
     0.086     -0.114     -0.196      0.184     -0.041      0.290     -0.341      0.006      0.002
    -0.107     -0.085      0.023      0.039     -0.046     -0.105     -0.104      0.065      0.094

Derivative matrix of expected statistics X by parameters and
covariance/correlation matrix of X can be found using
summary(ans) within R, or by using the 'verbose' option in Siena07.
 
Total computation time 73.5 seconds.


-----------------------------------
New Analysis started.
Date and time: 24/04/2019 16:14:25
New results follow.
-----------------------------------

RSiena version 1.2-3 (08 Sep 17)


@1
Estimation by stochastic approximation algorithm.
=================================================

Random initialization of random number stream.
Current random number seed is 571545.
Effects object used: myeff 
Model Type:
 
Estimation method: conditional moment estimation
Conditioning variable is the total number of observed changes ("distance") 
in the network variable.
Distances for simulations are
period   :   1   2
distance :  115 106.
Standard errors are estimated with the likelihood ratio method.
Dolby method (regression on scores) is used.
Initial value of gain parameter is  0.2000000.
Reduction factor for gain parameter is  0.5000000.
Number of subphases in Phase 2 is 4.

Initial parameter values are 
  0.1  Rate parameter                         6.2793
  0.2  Rate parameter                         5.0663
  1. eval:  outdegree (density)                            -2.9276
  2. eval:  reciprocity                                     2.8667
  3. eval:  transitive triplets                             0.8987
  4. eval:  transitive recipr. triplets                    -0.8795
  5. eval:  3-cycles                                        0.4939
  6. eval:  smoke1 similarity                               0.1685
  7. eval:  alcohol alter                                  -0.0182
  8. eval:  alcohol ego                                     0.0378
  9. eval:  alcohol similarity                              0.7260


Observed values of target statistics are
  1. Number of ties                                                     238.0000
  2. Number of reciprocated ties                                        160.0000
  3. Number of transitive triplets                                      225.0000
  4. Number of transitive recipr. triplets                              175.0000
  5. 3-cycles                                                            72.0000
  6. Similarity on smoke1                                                23.0371
  7. Sum indegrees x alcohol                                             12.3800
  8. Sum outdegrees x alcohol                                            20.3800
  9. Similarity on alcohol                                               21.9957

 9 parameters, 9 statistics

Estimation of derivatives by the LR method (type 1).


@2
End of stochastic approximation algorithm, phase 3.
---------------------------------------------------

Total of 2777 iterations.
Parameter estimates based on 1777 iterations,
basic rate parameters as well as 
convergence diagnostics, covariance and derivative matrices based on 1000 iterations.

Information for convergence diagnosis.
Averages, standard deviations, and t-ratios for deviations from targets:
  1.   1.0540  22.7917   0.0462 
  2.   0.0220  19.3747   0.0011 
  3.   1.8760  75.0245   0.0250 
  4.  -0.1580  60.9511  -0.0026 
  5.   0.3340  23.9988   0.0139 
  6.   0.0867   7.3249   0.0118 
  7.  -0.2455  22.4526  -0.0109 
  8.  -0.5035  21.9743  -0.0229 
  9.   0.1607   4.1562   0.0387 

Good convergence is indicated by the t-ratios being close to zero.

Overall maximum convergence ratio =  0.1614 .



@2
Estimation Results.
-------------------

Regular end of estimation algorithm.
Total of 2777 iteration steps.


@3
Estimates and standard errors
                             
Rate parameters:
 0.1  Rate parameter period 1     6.1887  (   1.0795)
 0.2  Rate parameter period 2     5.0219  (   0.8110)

Other parameters:
 1. eval:  outdegree (density)                                    -2.9283  (   0.1603)
 2. eval:  reciprocity                                             2.8733  (   0.2499)
 3. eval:  transitive triplets                                     0.9062  (   0.1602)
 4. eval:  transitive recipr. triplets                            -0.9133  (   0.2754)
 5. eval:  3-cycles                                                0.5224  (   0.2956)
 6. eval:  smoke1 similarity                                       0.1544  (   0.2137)
 7. eval:  alcohol alter                                          -0.0255  (   0.0720)
 8. eval:  alcohol ego                                             0.0409  (   0.0733)
 9. eval:  alcohol similarity                                      0.7228  (   0.2864)


@3
Covariance matrices
                   
Covariance matrix of estimates (correlations below diagonal):
     0.026     -0.029     -0.018      0.027     -0.008     -0.002      0.002      0.000     -0.007
    -0.713      0.062      0.021     -0.044      0.009      0.000     -0.002     -0.001      0.002
    -0.694      0.525      0.026     -0.029     -0.008      0.000     -0.001     -0.002      0.000
     0.605     -0.634     -0.649      0.076     -0.044      0.000      0.002      0.002     -0.003
    -0.172      0.118     -0.166     -0.539      0.087     -0.002      0.000      0.000      0.003
    -0.073     -0.004      0.010      0.007     -0.031      0.046      0.004      0.003     -0.012
     0.137     -0.125     -0.129      0.085     -0.011      0.275      0.005     -0.002     -0.001
     0.037     -0.039     -0.134      0.113     -0.021      0.188     -0.318      0.005      0.001
    -0.150      0.026      0.009     -0.043      0.032     -0.197     -0.048      0.035      0.082

Derivative matrix of expected statistics X by parameters and
covariance/correlation matrix of X can be found using
summary(ans) within R, or by using the 'verbose' option in Siena07.
 
Total computation time 70.99 seconds.


-----------------------------------
New Analysis started.
Date and time: 24/04/2019 16:23:58
New results follow.
-----------------------------------

RSiena version 1.2-3 (08 Sep 17)


@1
Estimation by stochastic approximation algorithm.
=================================================

Random initialization of random number stream.
Current random number seed is 559580.
Effects object used: myeff 
Model Type:
 
Estimation method: conditional moment estimation
Conditioning variable is the total number of observed changes ("distance") 
in the network variable.
Distances for simulations are
period   :   1   2
distance :  115 106.
Standard errors are estimated with the likelihood ratio method.
Dolby method (regression on scores) is used.
Initial value of gain parameter is  0.2000000.
Reduction factor for gain parameter is  0.5000000.
Number of subphases in Phase 2 is 4.

Initial parameter values are 
  0.1  Rate parameter                         4.6960
  0.2  Rate parameter                         4.3288
  1. eval:  outdegree (density)                            -1.4677
  2. eval:  reciprocity                                     0.0000
  3. eval:  transitive triplets                             0.0000
  4. eval:  transitive recipr. triplets                     0.0000
  5. eval:  3-cycles                                        0.0000
  6. eval:  smoke1 similarity                               0.0000
  7. eval:  alcohol alter                                   0.0000
  8. eval:  alcohol ego                                     0.0000
  9. eval:  alcohol similarity                              0.0000


Observed values of target statistics are
  1. Number of ties                                                     238.0000
  2. Number of reciprocated ties                                        160.0000
  3. Number of transitive triplets                                      225.0000
  4. Number of transitive recipr. triplets                              175.0000
  5. 3-cycles                                                            72.0000
  6. Similarity on smoke1                                                23.0371
  7. Sum indegrees x alcohol                                             12.3800
  8. Sum outdegrees x alcohol                                            20.3800
  9. Similarity on alcohol                                               21.9957

 9 parameters, 9 statistics

Estimation of derivatives by the LR method (type 1).


@2
End of stochastic approximation algorithm, phase 3.
---------------------------------------------------

Total of 2085 iterations.
Parameter estimates based on 1085 iterations,
basic rate parameters as well as 
convergence diagnostics, covariance and derivative matrices based on 1000 iterations.

Information for convergence diagnosis.
Averages, standard deviations, and t-ratios for deviations from targets:
  1.   0.6300  23.0565   0.0273 
  2.   0.3200  19.2611   0.0166 
  3.   2.9050  73.3664   0.0396 
  4.   3.4670  60.1885   0.0576 
  5.   0.9710  23.5872   0.0412 
  6.  -0.2998   7.2242  -0.0415 
  7.   1.3483  21.5013   0.0627 
  8.   0.8663  20.5489   0.0422 
  9.   0.1256   4.1088   0.0306 

Good convergence is indicated by the t-ratios being close to zero.

Overall maximum convergence ratio =  0.1894 .



@2
Estimation Results.
-------------------

Regular end of estimation algorithm.
Total of 2085 iteration steps.


@3
Estimates and standard errors
                             
Rate parameters:
 0.1  Rate parameter period 1      6.187  (   0.9906)
 0.2  Rate parameter period 2      5.089  (   0.8541)

Other parameters:
 1. eval:  outdegree (density)                                    -2.9261  (   0.1470)
 2. eval:  reciprocity                                             2.8542  (   0.2701)
 3. eval:  transitive triplets                                     0.8939  (   0.1586)
 4. eval:  transitive recipr. triplets                            -0.8606  (   0.2765)
 5. eval:  3-cycles                                                0.4893  (   0.3104)
 6. eval:  smoke1 similarity                                       0.1568  (   0.2076)
 7. eval:  alcohol alter                                          -0.0204  (   0.0721)
 8. eval:  alcohol ego                                             0.0384  (   0.0752)
 9. eval:  alcohol similarity                                      0.7318  (   0.2958)


@3
Covariance matrices
                   
Covariance matrix of estimates (correlations below diagonal):
     0.022     -0.029     -0.014      0.024     -0.009     -0.001      0.001     -0.001     -0.003
    -0.719      0.073      0.021     -0.048      0.009     -0.003     -0.002      0.000     -0.008
    -0.613      0.481      0.025     -0.027     -0.011      0.000     -0.001      0.000     -0.005
     0.585     -0.638     -0.621      0.076     -0.043      0.000      0.003      0.000      0.009
    -0.203      0.103     -0.228     -0.500      0.096     -0.001     -0.002      0.000      0.002
    -0.044     -0.056      0.011      0.002     -0.009      0.043      0.003      0.004     -0.008
     0.122     -0.114     -0.094      0.129     -0.073      0.168      0.005     -0.002     -0.001
    -0.097      0.016     -0.016      0.003      0.002      0.261     -0.353      0.006      0.001
    -0.063     -0.099     -0.108      0.105      0.023     -0.137     -0.037      0.057      0.087

Derivative matrix of expected statistics X by parameters and
covariance/correlation matrix of X can be found using
summary(ans) within R, or by using the 'verbose' option in Siena07.
 
Total computation time 49.81 seconds.


-----------------------------------
New Analysis started.
Date and time: 24/04/2019 16:26:50
New results follow.
-----------------------------------

RSiena version 1.2-3 (08 Sep 17)


@1
Estimation by stochastic approximation algorithm.
=================================================

Random initialization of random number stream.
Current random number seed is 817411.
Effects object used: myeff 
Model Type:
 
Estimation method: conditional moment estimation
Conditioning variable is the total number of observed changes ("distance") 
in the network variable.
Distances for simulations are
period   :   1   2
distance :  115 106.
Standard errors are estimated with the likelihood ratio method.
Dolby method (regression on scores) is used.
Initial value of gain parameter is  0.4000000.
Reduction factor for gain parameter is  0.5000000.
Number of subphases in Phase 2 is 4.

Initial parameter values are 
  0.1  Rate parameter                         4.6960
  0.2  Rate parameter                         4.3288
  1. eval:  outdegree (density)                            -1.4677
  2. eval:  reciprocity                                     0.0000
  3. eval:  transitive triplets                             0.0000
  4. eval:  transitive recipr. triplets                     0.0000
  5. eval:  3-cycles                                        0.0000
  6. eval:  smoke1 similarity                               0.0000
  7. eval:  alcohol alter                                   0.0000
  8. eval:  alcohol ego                                     0.0000
  9. eval:  alcohol similarity                              0.0000


Observed values of target statistics are
  1. Number of ties                                                     238.0000
  2. Number of reciprocated ties                                        160.0000
  3. Number of transitive triplets                                      225.0000
  4. Number of transitive recipr. triplets                              175.0000
  5. 3-cycles                                                            72.0000
  6. Similarity on smoke1                                                23.0371
  7. Sum indegrees x alcohol                                             12.3800
  8. Sum outdegrees x alcohol                                            20.3800
  9. Similarity on alcohol                                               21.9957

 9 parameters, 9 statistics

Estimation of derivatives by the LR method (type 1).


@2
End of stochastic approximation algorithm, phase 3.
---------------------------------------------------

Total of 1390 iterations.
Parameter estimates based on 390 iterations,
basic rate parameters as well as 
convergence diagnostics, covariance and derivative matrices based on 1000 iterations.

Information for convergence diagnosis.
Averages, standard deviations, and t-ratios for deviations from targets:
  1.   0.2420  23.8027   0.0102 
  2.   0.5100  20.3819   0.0250 
  3.   1.7790  76.9134   0.0231 
  4.   1.5960  62.6448   0.0255 
  5.   0.3280  24.7384   0.0133 
  6.   0.1568   7.3286   0.0214 
  7.  -0.1346  22.4789  -0.0060 
  8.   0.9094  21.6600   0.0420 
  9.  -0.0117   3.9762  -0.0029 

Good convergence is indicated by the t-ratios being close to zero.

Overall maximum convergence ratio =  0.1451 .



@2
Estimation Results.
-------------------

Regular end of estimation algorithm.
Total of 1390 iteration steps.


@3
Estimates and standard errors
                             
Rate parameters:
 0.1  Rate parameter period 1     6.2267  (   1.0330)
 0.2  Rate parameter period 2     5.0773  (   0.8002)

Other parameters:
 1. eval:  outdegree (density)                                    -2.9325  (   0.1620)
 2. eval:  reciprocity                                             2.8745  (   0.2725)
 3. eval:  transitive triplets                                     0.8991  (   0.1527)
 4. eval:  transitive recipr. triplets                            -0.8845  (   0.2568)
 5. eval:  3-cycles                                                0.5034  (   0.3074)
 6. eval:  smoke1 similarity                                       0.1654  (   0.2180)
 7. eval:  alcohol alter                                          -0.0271  (   0.0743)
 8. eval:  alcohol ego                                             0.0454  (   0.0749)
 9. eval:  alcohol similarity                                      0.7233  (   0.3109)


@3
Covariance matrices
                   
Covariance matrix of estimates (correlations below diagonal):
     0.026     -0.034     -0.015      0.022     -0.006     -0.003      0.001     -0.001     -0.013
    -0.759      0.074      0.020     -0.040      0.008     -0.001     -0.002      0.001      0.008
    -0.617      0.473      0.023     -0.022     -0.013      0.001     -0.001     -0.001      0.006
     0.518     -0.571     -0.554      0.066     -0.043      0.001      0.002      0.001     -0.002
    -0.120      0.090     -0.270     -0.550      0.094     -0.001     -0.001      0.000     -0.004
    -0.095     -0.015      0.020      0.012     -0.021      0.048      0.004      0.004     -0.014
     0.114     -0.100     -0.096      0.082     -0.035      0.221      0.006     -0.002      0.001
    -0.068      0.034     -0.064      0.049     -0.018      0.249     -0.365      0.006     -0.002
    -0.264      0.093      0.125     -0.029     -0.043     -0.207      0.046     -0.080      0.097

Derivative matrix of expected statistics X by parameters and
covariance/correlation matrix of X can be found using
summary(ans) within R, or by using the 'verbose' option in Siena07.
 
Total computation time 26.85 seconds.


-----------------------------------
New Analysis started.
Date and time: 24/04/2019 16:40:02
New results follow.
-----------------------------------

RSiena version 1.2-3 (08 Sep 17)


@1
Estimation by stochastic approximation algorithm.
=================================================

Random initialization of random number stream.
Current random number seed is 158545.
Effects object used: myeff 
Model Type:
 
Estimation method: conditional moment estimation
Conditioning variable is the total number of observed changes ("distance") 
in the network variable.
Distances for simulations are
period   :   1   2
distance :  115 106.
Standard errors are estimated with the likelihood ratio method.
Dolby method (regression on scores) is used.
Initial value of gain parameter is  0.4000000.
Reduction factor for gain parameter is  0.5000000.
Number of subphases in Phase 2 is 4.

Initial parameter values are 
  0.1  Rate parameter                         4.6960
  0.2  Rate parameter                         4.3288
  1. eval:  outdegree (density)                            -1.4677
  2. eval:  reciprocity                                     0.0000
  3. eval:  transitive triplets                             0.0000
  4. eval:  transitive recipr. triplets                     0.0000
  5. eval:  3-cycles                                        0.0000
  6. eval:  smoke1 similarity                               0.0000
  7. eval:  alcohol alter                                   0.0000
  8. eval:  alcohol ego                                     0.0000
  9. eval:  alcohol similarity                              0.0000


Observed values of target statistics are
  1. Number of ties                                                     238.0000
  2. Number of reciprocated ties                                        160.0000
  3. Number of transitive triplets                                      225.0000
  4. Number of transitive recipr. triplets                              175.0000
  5. 3-cycles                                                            72.0000
  6. Similarity on smoke1                                                23.0371
  7. Sum indegrees x alcohol                                             12.3800
  8. Sum outdegrees x alcohol                                            20.3800
  9. Similarity on alcohol                                               21.9957

 9 parameters, 9 statistics

Estimation of derivatives by the LR method (type 1).


@2
End of stochastic approximation algorithm, phase 3.
---------------------------------------------------

Total of 1367 iterations.
Parameter estimates based on 367 iterations,
basic rate parameters as well as 
convergence diagnostics, covariance and derivative matrices based on 1000 iterations.

Information for convergence diagnosis.
Averages, standard deviations, and t-ratios for deviations from targets:
  1.   0.1100  23.9143   0.0046 
  2.   0.1720  20.1156   0.0086 
  3.  -2.0660  77.4780  -0.0267 
  4.  -2.3020  63.4047  -0.0363 
  5.  -0.7550  24.9298  -0.0303 
  6.  -0.1045   7.4854  -0.0140 
  7.   1.6611  22.1207   0.0751 
  8.   0.7371  21.8738   0.0337 
  9.   0.1153   4.0672   0.0284 

Good convergence is indicated by the t-ratios being close to zero.

Overall maximum convergence ratio =  0.1348 .



@2
Estimation Results.
-------------------

Regular end of estimation algorithm.
Total of 1367 iteration steps.


@3
Estimates and standard errors
                             
Rate parameters:
 0.1  Rate parameter period 1     6.1951  (   1.0662)
 0.2  Rate parameter period 2     5.1045  (   0.8238)

Other parameters:
 1. eval:  outdegree (density)                                    -2.9402  (   0.1698)
 2. eval:  reciprocity                                             2.8941  (   0.2684)
 3. eval:  transitive triplets                                     0.9055  (   0.1718)
 4. eval:  transitive recipr. triplets                            -0.9192  (   0.2666)
 5. eval:  3-cycles                                                0.5193  (   0.2891)
 6. eval:  smoke1 similarity                                       0.1648  (   0.2212)
 7. eval:  alcohol alter                                          -0.0213  (   0.0731)
 8. eval:  alcohol ego                                             0.0438  (   0.0763)
 9. eval:  alcohol similarity                                      0.7406  (   0.2867)


@3
Covariance matrices
                   
Covariance matrix of estimates (correlations below diagonal):
     0.029     -0.034     -0.018      0.029     -0.014     -0.006      0.000      0.000     -0.008
    -0.756      0.072      0.024     -0.051      0.016      0.003     -0.002      0.002     -0.001
    -0.616      0.526      0.030     -0.031     -0.012      0.001      0.000     -0.001      0.001
     0.647     -0.712     -0.675      0.071     -0.034     -0.002      0.001      0.000      0.001
    -0.283      0.204     -0.233     -0.445      0.084      0.000      0.000      0.001      0.001
    -0.153      0.059      0.032     -0.029      0.001      0.049      0.005      0.004     -0.008
    -0.020     -0.078     -0.029      0.054     -0.018      0.305      0.005     -0.002      0.000
    -0.036      0.083     -0.086     -0.002      0.042      0.230     -0.329      0.006     -0.002
    -0.154     -0.009      0.020      0.012      0.018     -0.123      0.020     -0.079      0.082

Derivative matrix of expected statistics X by parameters and
covariance/correlation matrix of X can be found using
summary(ans) within R, or by using the 'verbose' option in Siena07.
 
Total computation time 26.27 seconds.
